<?xml version="1.0" encoding="UTF-8"?>
<!-- Generated by org.testng.reporters.JUnitReportReporter -->
<testsuite hostname="DESKTOP-M9K0K0L" failures="0" tests="1" name="TestCases.loginpageTestCases" time="1.610" errors="0" timestamp="2023-11-29T18:58:12 IST" skipped="0">
  <testcase classname="TestCases.loginpageTestCases" name="loginBycorrectCredential" time="1.610"/>
</testsuite> <!-- TestCases.loginpageTestCases -->
