<?xml version="1.0" encoding="UTF-8"?>
<!-- Generated by org.testng.reporters.JUnitReportReporter -->
<testsuite hostname="DESKTOP-M9K0K0L" failures="0" tests="1" name="TestCases.submiteOrder" time="3.662" errors="0" timestamp="2023-11-29T19:03:13 IST" skipped="0">
  <testcase classname="TestCases.submiteOrder" name="endtoend" time="3.662"/>
</testsuite> <!-- TestCases.submiteOrder -->
