<?xml version="1.0" encoding="UTF-8"?>
<!-- Generated by org.testng.reporters.JUnitReportReporter -->
<testsuite hostname="DESKTOP-M9K0K0L" failures="0" tests="1" name="TestCases.errorValidation" time="1.442" errors="0" timestamp="2023-11-29T18:58:12 IST" skipped="0">
  <testcase classname="TestCases.errorValidation" name="endtoend" time="1.442"/>
</testsuite> <!-- TestCases.errorValidation -->
