<?xml version="1.0" encoding="UTF-8"?>
<!-- Generated by org.testng.reporters.JUnitReportReporter -->
<testsuite hostname="DESKTOP-M9K0K0L" failures="0" tests="1" name="TestCases.AddinTocartTestcase" time="34.085" errors="0" timestamp="2023-11-29T19:00:34 IST" skipped="0">
  <testcase classname="TestCases.AddinTocartTestcase" name="additemincart" time="34.085"/>
</testsuite> <!-- TestCases.AddinTocartTestcase -->
